{
"contracts/Address.sol":{"l":{"30":0,"31":0,"33":0,"36":0,"56":0,"59":0,"60":0,"82":0,"96":0,"115":0,"130":0,"131":0,"140":0,"143":0,"144":0,"145":0,"148":0,"152":0,"157":0},"path":"/Users/ferny/Desktop/Audits/Swapz/contracts/Address.sol","s":{"1":0,"2":0,"3":0,"4":0,"5":0,"6":0,"7":0,"8":0,"9":0,"10":0,"11":0,"12":0,"13":0,"14":0,"15":0,"16":0,"17":0},"b":{"1":[0,0],"2":[0,0],"3":[0,0],"4":[0,0],"5":[0,0],"6":[0,0]},"f":{"1":0,"2":0,"3":0,"4":0,"5":0,"6":0,"7":0},"fnMap":{"1":{"name":"isContract","line":26,"loc":{"start":{"line":26,"column":4},"end":{"line":37,"column":4}}},"2":{"name":"sendValue","line":55,"loc":{"start":{"line":55,"column":4},"end":{"line":61,"column":4}}},"3":{"name":"functionCall","line":81,"loc":{"start":{"line":81,"column":4},"end":{"line":83,"column":4}}},"4":{"name":"functionCall","line":91,"loc":{"start":{"line":91,"column":4},"end":{"line":97,"column":4}}},"5":{"name":"functionCallWithValue","line":110,"loc":{"start":{"line":110,"column":4},"end":{"line":116,"column":4}}},"6":{"name":"functionCallWithValue","line":124,"loc":{"start":{"line":124,"column":4},"end":{"line":132,"column":4}}},"7":{"name":"_functionCallWithValue","line":134,"loc":{"start":{"line":134,"column":4},"end":{"line":160,"column":4}}}},"statementMap":{"1":{"start":{"line":30,"column":8},"end":{"line":30,"column":24}},"2":{"start":{"line":31,"column":8},"end":{"line":31,"column":96}},"3":{"start":{"line":36,"column":8},"end":{"line":36,"column":59}},"4":{"start":{"line":56,"column":8},"end":{"line":56,"column":80}},"5":{"start":{"line":59,"column":8},"end":{"line":59,"column":60}},"6":{"start":{"line":60,"column":8},"end":{"line":60,"column":85}},"7":{"start":{"line":82,"column":8},"end":{"line":82,"column":75}},"8":{"start":{"line":96,"column":8},"end":{"line":96,"column":68}},"9":{"start":{"line":115,"column":8},"end":{"line":115,"column":102}},"10":{"start":{"line":130,"column":8},"end":{"line":130,"column":88}},"11":{"start":{"line":131,"column":8},"end":{"line":131,"column":72}},"12":{"start":{"line":140,"column":8},"end":{"line":140,"column":67}},"13":{"start":{"line":143,"column":8},"end":{"line":143,"column":84}},"14":{"start":{"line":144,"column":8},"end":{"line":144,"column":5661}},"15":{"start":{"line":145,"column":12},"end":{"line":145,"column":29}},"16":{"start":{"line":148,"column":12},"end":{"line":148,"column":5806}},"17":{"start":{"line":157,"column":16},"end":{"line":157,"column":35}}},"branchMap":{"1":{"line":56,"type":"if","locations":[{"start":{"line":56,"column":8},"end":{"line":56,"column":8}},{"start":{"line":56,"column":8},"end":{"line":56,"column":8}}]},"2":{"line":60,"type":"if","locations":[{"start":{"line":60,"column":8},"end":{"line":60,"column":8}},{"start":{"line":60,"column":8},"end":{"line":60,"column":8}}]},"3":{"line":130,"type":"if","locations":[{"start":{"line":130,"column":8},"end":{"line":130,"column":8}},{"start":{"line":130,"column":8},"end":{"line":130,"column":8}}]},"4":{"line":140,"type":"if","locations":[{"start":{"line":140,"column":8},"end":{"line":140,"column":8}},{"start":{"line":140,"column":8},"end":{"line":140,"column":8}}]},"5":{"line":144,"type":"if","locations":[{"start":{"line":144,"column":8},"end":{"line":144,"column":8}},{"start":{"line":144,"column":8},"end":{"line":144,"column":8}}]},"6":{"line":148,"type":"if","locations":[{"start":{"line":148,"column":12},"end":{"line":148,"column":12}},{"start":{"line":148,"column":12},"end":{"line":148,"column":12}}]}}},
"contracts/BEP20.sol":{"l":{"59":3,"60":3,"61":3,"68":3,"75":1,"82":1,"89":1,"96":2,"103":5,"115":78,"116":78,"123":5,"134":2,"135":2,"155":11,"156":9,"161":1,"177":1,"178":1,"196":2,"201":1,"213":1,"214":1,"236":89,"237":89,"239":89,"241":87,"242":87,"243":87,"256":1,"258":1,"260":1,"261":1,"262":1,"277":0,"279":0,"281":0,"282":0,"283":0,"304":5,"305":5,"307":5,"308":5,"318":0,"319":0},"path":"/Users/ferny/Desktop/Audits/Swapz/contracts/BEP20.sol","s":{"1":3,"2":3,"3":3,"4":3,"5":1,"6":1,"7":1,"8":2,"9":5,"10":78,"11":78,"12":5,"13":2,"14":2,"15":11,"16":9,"17":1,"18":1,"19":1,"20":2,"21":1,"22":1,"23":1,"24":89,"25":89,"26":89,"27":87,"28":87,"29":87,"30":1,"31":1,"32":1,"33":1,"34":1,"35":0,"36":0,"37":0,"38":0,"39":0,"40":5,"41":5,"42":5,"43":5,"44":0,"45":0},"b":{"1":[89,0],"2":[89,0],"3":[1,0],"4":[0,0],"5":[5,0],"6":[5,0]},"f":{"1":3,"2":3,"3":1,"4":1,"5":1,"6":2,"7":5,"8":78,"9":5,"10":2,"11":11,"12":1,"13":2,"14":1,"15":89,"16":1,"17":0,"18":5,"19":0,"20":88},"fnMap":{"1":{"name":"constructor","line":58,"loc":{"start":{"line":58,"column":4},"end":{"line":62,"column":4}}},"2":{"name":"getOwner","line":67,"loc":{"start":{"line":67,"column":4},"end":{"line":69,"column":4}}},"3":{"name":"name","line":74,"loc":{"start":{"line":74,"column":4},"end":{"line":76,"column":4}}},"4":{"name":"decimals","line":81,"loc":{"start":{"line":81,"column":4},"end":{"line":83,"column":4}}},"5":{"name":"symbol","line":88,"loc":{"start":{"line":88,"column":4},"end":{"line":90,"column":4}}},"6":{"name":"totalSupply","line":95,"loc":{"start":{"line":95,"column":4},"end":{"line":97,"column":4}}},"7":{"name":"balanceOf","line":102,"loc":{"start":{"line":102,"column":4},"end":{"line":104,"column":4}}},"8":{"name":"transfer","line":114,"loc":{"start":{"line":114,"column":4},"end":{"line":117,"column":4}}},"9":{"name":"allowance","line":122,"loc":{"start":{"line":122,"column":4},"end":{"line":124,"column":4}}},"10":{"name":"approve","line":133,"loc":{"start":{"line":133,"column":4},"end":{"line":136,"column":4}}},"11":{"name":"transferFrom","line":150,"loc":{"start":{"line":150,"column":4},"end":{"line":162,"column":4}}},"12":{"name":"increaseAllowance","line":176,"loc":{"start":{"line":176,"column":4},"end":{"line":179,"column":4}}},"13":{"name":"decreaseAllowance","line":195,"loc":{"start":{"line":195,"column":4},"end":{"line":202,"column":4}}},"14":{"name":"mint","line":212,"loc":{"start":{"line":212,"column":4},"end":{"line":215,"column":4}}},"15":{"name":"_transfer","line":231,"loc":{"start":{"line":231,"column":4},"end":{"line":244,"column":4}}},"16":{"name":"_mint","line":255,"loc":{"start":{"line":255,"column":4},"end":{"line":263,"column":4}}},"17":{"name":"_burn","line":276,"loc":{"start":{"line":276,"column":4},"end":{"line":284,"column":4}}},"18":{"name":"_approve","line":299,"loc":{"start":{"line":299,"column":4},"end":{"line":309,"column":4}}},"19":{"name":"_burnFrom","line":317,"loc":{"start":{"line":317,"column":4},"end":{"line":324,"column":4}}},"20":{"name":"_beforeTokenTransfer","line":325,"loc":{"start":{"line":325,"column":4},"end":{"line":325,"column":95}}}},"statementMap":{"1":{"start":{"line":59,"column":8},"end":{"line":59,"column":19}},"2":{"start":{"line":60,"column":8},"end":{"line":60,"column":23}},"3":{"start":{"line":61,"column":8},"end":{"line":61,"column":21}},"4":{"start":{"line":68,"column":8},"end":{"line":68,"column":22}},"5":{"start":{"line":75,"column":8},"end":{"line":75,"column":20}},"6":{"start":{"line":82,"column":8},"end":{"line":82,"column":24}},"7":{"start":{"line":89,"column":8},"end":{"line":89,"column":22}},"8":{"start":{"line":96,"column":8},"end":{"line":96,"column":27}},"9":{"start":{"line":103,"column":8},"end":{"line":103,"column":33}},"10":{"start":{"line":115,"column":8},"end":{"line":115,"column":49}},"11":{"start":{"line":116,"column":8},"end":{"line":116,"column":19}},"12":{"start":{"line":123,"column":8},"end":{"line":123,"column":42}},"13":{"start":{"line":134,"column":8},"end":{"line":134,"column":46}},"14":{"start":{"line":135,"column":8},"end":{"line":135,"column":19}},"15":{"start":{"line":155,"column":8},"end":{"line":155,"column":43}},"16":{"start":{"line":156,"column":8},"end":{"line":156,"column":4621}},"17":{"start":{"line":161,"column":8},"end":{"line":161,"column":19}},"18":{"start":{"line":177,"column":8},"end":{"line":177,"column":90}},"19":{"start":{"line":178,"column":8},"end":{"line":178,"column":19}},"20":{"start":{"line":196,"column":8},"end":{"line":196,"column":6004}},"21":{"start":{"line":201,"column":8},"end":{"line":201,"column":19}},"22":{"start":{"line":213,"column":8},"end":{"line":213,"column":34}},"23":{"start":{"line":214,"column":8},"end":{"line":214,"column":19}},"24":{"start":{"line":236,"column":8},"end":{"line":236,"column":77}},"25":{"start":{"line":237,"column":8},"end":{"line":237,"column":78}},"26":{"start":{"line":239,"column":8},"end":{"line":239,"column":54}},"27":{"start":{"line":241,"column":8},"end":{"line":241,"column":98}},"28":{"start":{"line":242,"column":8},"end":{"line":242,"column":62}},"29":{"start":{"line":243,"column":8},"end":{"line":243,"column":48}},"30":{"start":{"line":256,"column":8},"end":{"line":256,"column":72}},"31":{"start":{"line":258,"column":8},"end":{"line":258,"column":56}},"32":{"start":{"line":260,"column":8},"end":{"line":260,"column":46}},"33":{"start":{"line":261,"column":8},"end":{"line":261,"column":58}},"34":{"start":{"line":262,"column":8},"end":{"line":262,"column":50}},"35":{"start":{"line":277,"column":8},"end":{"line":277,"column":74}},"36":{"start":{"line":279,"column":8},"end":{"line":279,"column":56}},"37":{"start":{"line":281,"column":8},"end":{"line":281,"column":96}},"38":{"start":{"line":282,"column":8},"end":{"line":282,"column":46}},"39":{"start":{"line":283,"column":8},"end":{"line":283,"column":50}},"40":{"start":{"line":304,"column":8},"end":{"line":304,"column":75}},"41":{"start":{"line":305,"column":8},"end":{"line":305,"column":75}},"42":{"start":{"line":307,"column":8},"end":{"line":307,"column":43}},"43":{"start":{"line":308,"column":8},"end":{"line":308,"column":45}},"44":{"start":{"line":318,"column":8},"end":{"line":318,"column":29}},"45":{"start":{"line":319,"column":8},"end":{"line":319,"column":10000}}},"branchMap":{"1":{"line":236,"type":"if","locations":[{"start":{"line":236,"column":8},"end":{"line":236,"column":8}},{"start":{"line":236,"column":8},"end":{"line":236,"column":8}}]},"2":{"line":237,"type":"if","locations":[{"start":{"line":237,"column":8},"end":{"line":237,"column":8}},{"start":{"line":237,"column":8},"end":{"line":237,"column":8}}]},"3":{"line":256,"type":"if","locations":[{"start":{"line":256,"column":8},"end":{"line":256,"column":8}},{"start":{"line":256,"column":8},"end":{"line":256,"column":8}}]},"4":{"line":277,"type":"if","locations":[{"start":{"line":277,"column":8},"end":{"line":277,"column":8}},{"start":{"line":277,"column":8},"end":{"line":277,"column":8}}]},"5":{"line":304,"type":"if","locations":[{"start":{"line":304,"column":8},"end":{"line":304,"column":8}},{"start":{"line":304,"column":8},"end":{"line":304,"column":8}}]},"6":{"line":305,"type":"if","locations":[{"start":{"line":305,"column":8},"end":{"line":305,"column":8}},{"start":{"line":305,"column":8},"end":{"line":305,"column":8}}]}}},
"contracts/Context.sol":{"l":{"21":170,"25":0,"26":0},"path":"/Users/ferny/Desktop/Audits/Swapz/contracts/Context.sol","s":{"1":170,"2":0},"b":{},"f":{"1":3,"2":170,"3":0},"fnMap":{"1":{"name":"constructor","line":18,"loc":{"start":{"line":18,"column":4},"end":{"line":18,"column":28}}},"2":{"name":"_msgSender","line":20,"loc":{"start":{"line":20,"column":4},"end":{"line":22,"column":4}}},"3":{"name":"_msgData","line":24,"loc":{"start":{"line":24,"column":4},"end":{"line":27,"column":4}}}},"statementMap":{"1":{"start":{"line":21,"column":8},"end":{"line":21,"column":25}},"2":{"start":{"line":26,"column":8},"end":{"line":26,"column":23}}},"branchMap":{}},
"contracts/IBEP20.sol":{"l":{},"path":"/Users/ferny/Desktop/Audits/Swapz/contracts/IBEP20.sol","s":{},"b":{},"f":{},"fnMap":{},"statementMap":{},"branchMap":{}},
"contracts/LGEWhitelisted.sol":{"l":{"30":3,"34":30,"35":28,"39":1,"40":1,"44":2,"48":2,"49":1,"50":1,"63":11,"65":10,"67":10,"69":10,"71":10,"72":20,"88":14,"89":13,"91":13,"92":2,"94":13,"95":12,"97":13,"98":64,"118":13,"120":12,"122":12,"124":12,"126":12,"127":12,"128":12,"133":1,"143":90,"144":72,"146":18,"147":8,"150":18,"154":10,"156":10,"158":9,"160":9,"162":8,"164":8,"165":8,"167":8,"168":7},"path":"/Users/ferny/Desktop/Audits/Swapz/contracts/LGEWhitelisted.sol","s":{"1":3,"2":30,"3":1,"4":1,"5":2,"6":2,"7":1,"8":1,"9":11,"10":10,"11":10,"12":10,"13":20,"14":14,"15":13,"16":13,"17":2,"18":13,"19":12,"20":13,"21":64,"22":13,"23":12,"24":12,"25":12,"26":12,"27":12,"28":12,"29":1,"30":90,"31":72,"32":18,"33":8,"34":18,"35":10,"36":10,"37":9,"38":9,"39":8,"40":8,"41":8,"42":8,"43":7},"b":{"1":[28,2],"2":[1,1],"3":[10,1],"4":[10,0],"5":[13,1],"6":[13,0],"7":[2,11],"8":[12,1],"9":[12,1],"10":[12,0],"11":[72,18],"12":[8,10],"13":[10,8],"14":[9,1],"15":[8,1],"16":[8,0],"17":[7,1]},"f":{"1":3,"2":30,"3":1,"4":2,"5":2,"6":11,"7":14,"8":13,"9":90},"fnMap":{"1":{"name":"constructor","line":29,"loc":{"start":{"line":29,"column":4},"end":{"line":31,"column":4}}},"2":{"name":"onlyWhitelister","line":33,"loc":{"start":{"line":33,"column":4},"end":{"line":36,"column":4}}},"3":{"name":"renounceWhitelister","line":38,"loc":{"start":{"line":38,"column":4},"end":{"line":41,"column":4}}},"4":{"name":"transferWhitelister","line":43,"loc":{"start":{"line":43,"column":4},"end":{"line":45,"column":4}}},"5":{"name":"_transferWhitelister","line":47,"loc":{"start":{"line":47,"column":4},"end":{"line":51,"column":4}}},"6":{"name":"createLGEWhitelist","line":62,"loc":{"start":{"line":62,"column":4},"end":{"line":76,"column":4}}},"7":{"name":"modifyLGEWhitelist","line":87,"loc":{"start":{"line":87,"column":4},"end":{"line":100,"column":4}}},"8":{"name":"getLGEWhitelistRound","line":116,"loc":{"start":{"line":116,"column":4},"end":{"line":134,"column":4}}},"9":{"name":"_applyLGEWhitelist","line":141,"loc":{"start":{"line":141,"column":4},"end":{"line":174,"column":4}}}},"statementMap":{"1":{"start":{"line":30,"column":8},"end":{"line":30,"column":34}},"2":{"start":{"line":34,"column":8},"end":{"line":34,"column":77}},"3":{"start":{"line":39,"column":8},"end":{"line":39,"column":61}},"4":{"start":{"line":40,"column":8},"end":{"line":40,"column":32}},"5":{"start":{"line":44,"column":8},"end":{"line":44,"column":43}},"6":{"start":{"line":48,"column":8},"end":{"line":48,"column":83}},"7":{"start":{"line":49,"column":8},"end":{"line":49,"column":65}},"8":{"start":{"line":50,"column":8},"end":{"line":50,"column":36}},"9":{"start":{"line":63,"column":8},"end":{"line":63,"column":77}},"10":{"start":{"line":65,"column":8},"end":{"line":65,"column":36}},"11":{"start":{"line":67,"column":8},"end":{"line":67,"column":2117}},"12":{"start":{"line":71,"column":12},"end":{"line":71,"column":2222}},"13":{"start":{"line":72,"column":16},"end":{"line":72,"column":84}},"14":{"start":{"line":88,"column":8},"end":{"line":88,"column":67}},"15":{"start":{"line":89,"column":8},"end":{"line":89,"column":50}},"16":{"start":{"line":91,"column":8},"end":{"line":91,"column":3086}},"17":{"start":{"line":92,"column":12},"end":{"line":92,"column":57}},"18":{"start":{"line":94,"column":8},"end":{"line":94,"column":3217}},"19":{"start":{"line":95,"column":12},"end":{"line":95,"column":59}},"20":{"start":{"line":97,"column":8},"end":{"line":97,"column":3300}},"21":{"start":{"line":98,"column":12},"end":{"line":98,"column":71}},"22":{"start":{"line":118,"column":8},"end":{"line":118,"column":4014}},"23":{"start":{"line":120,"column":12},"end":{"line":120,"column":56}},"24":{"start":{"line":122,"column":12},"end":{"line":122,"column":4134}},"25":{"start":{"line":124,"column":16},"end":{"line":124,"column":71}},"26":{"start":{"line":126,"column":16},"end":{"line":126,"column":80}},"27":{"start":{"line":127,"column":16},"end":{"line":127,"column":4549}},"28":{"start":{"line":128,"column":20},"end":{"line":128,"column":162}},"29":{"start":{"line":133,"column":8},"end":{"line":133,"column":37}},"30":{"start":{"line":143,"column":8},"end":{"line":143,"column":4922}},"31":{"start":{"line":144,"column":12},"end":{"line":144,"column":18}},"32":{"start":{"line":146,"column":8},"end":{"line":146,"column":5041}},"33":{"start":{"line":147,"column":12},"end":{"line":147,"column":30}},"34":{"start":{"line":150,"column":8},"end":{"line":150,"column":5218}},"35":{"start":{"line":154,"column":12},"end":{"line":154,"column":65}},"36":{"start":{"line":156,"column":12},"end":{"line":156,"column":5528}},"37":{"start":{"line":158,"column":16},"end":{"line":158,"column":90}},"38":{"start":{"line":160,"column":16},"end":{"line":160,"column":86}},"39":{"start":{"line":162,"column":16},"end":{"line":162,"column":43}},"40":{"start":{"line":164,"column":16},"end":{"line":164,"column":5939}},"41":{"start":{"line":165,"column":20},"end":{"line":165,"column":88}},"42":{"start":{"line":167,"column":16},"end":{"line":167,"column":91}},"43":{"start":{"line":168,"column":16},"end":{"line":168,"column":86}}},"branchMap":{"1":{"line":34,"type":"if","locations":[{"start":{"line":34,"column":8},"end":{"line":34,"column":8}},{"start":{"line":34,"column":8},"end":{"line":34,"column":8}}]},"2":{"line":48,"type":"if","locations":[{"start":{"line":48,"column":8},"end":{"line":48,"column":8}},{"start":{"line":48,"column":8},"end":{"line":48,"column":8}}]},"3":{"line":63,"type":"if","locations":[{"start":{"line":63,"column":8},"end":{"line":63,"column":8}},{"start":{"line":63,"column":8},"end":{"line":63,"column":8}}]},"4":{"line":67,"type":"if","locations":[{"start":{"line":67,"column":8},"end":{"line":67,"column":8}},{"start":{"line":67,"column":8},"end":{"line":67,"column":8}}]},"5":{"line":88,"type":"if","locations":[{"start":{"line":88,"column":8},"end":{"line":88,"column":8}},{"start":{"line":88,"column":8},"end":{"line":88,"column":8}}]},"6":{"line":89,"type":"if","locations":[{"start":{"line":89,"column":8},"end":{"line":89,"column":8}},{"start":{"line":89,"column":8},"end":{"line":89,"column":8}}]},"7":{"line":91,"type":"if","locations":[{"start":{"line":91,"column":8},"end":{"line":91,"column":8}},{"start":{"line":91,"column":8},"end":{"line":91,"column":8}}]},"8":{"line":94,"type":"if","locations":[{"start":{"line":94,"column":8},"end":{"line":94,"column":8}},{"start":{"line":94,"column":8},"end":{"line":94,"column":8}}]},"9":{"line":118,"type":"if","locations":[{"start":{"line":118,"column":8},"end":{"line":118,"column":8}},{"start":{"line":118,"column":8},"end":{"line":118,"column":8}}]},"10":{"line":127,"type":"if","locations":[{"start":{"line":127,"column":16},"end":{"line":127,"column":16}},{"start":{"line":127,"column":16},"end":{"line":127,"column":16}}]},"11":{"line":143,"type":"if","locations":[{"start":{"line":143,"column":8},"end":{"line":143,"column":8}},{"start":{"line":143,"column":8},"end":{"line":143,"column":8}}]},"12":{"line":146,"type":"if","locations":[{"start":{"line":146,"column":8},"end":{"line":146,"column":8}},{"start":{"line":146,"column":8},"end":{"line":146,"column":8}}]},"13":{"line":150,"type":"if","locations":[{"start":{"line":150,"column":8},"end":{"line":150,"column":8}},{"start":{"line":150,"column":8},"end":{"line":150,"column":8}}]},"14":{"line":156,"type":"if","locations":[{"start":{"line":156,"column":12},"end":{"line":156,"column":12}},{"start":{"line":156,"column":12},"end":{"line":156,"column":12}}]},"15":{"line":160,"type":"if","locations":[{"start":{"line":160,"column":16},"end":{"line":160,"column":16}},{"start":{"line":160,"column":16},"end":{"line":160,"column":16}}]},"16":{"line":164,"type":"if","locations":[{"start":{"line":164,"column":16},"end":{"line":164,"column":16}},{"start":{"line":164,"column":16},"end":{"line":164,"column":16}}]},"17":{"line":167,"type":"if","locations":[{"start":{"line":167,"column":16},"end":{"line":167,"column":16}},{"start":{"line":167,"column":16},"end":{"line":167,"column":16}}]}}},
"contracts/Ownable.sol":{"l":{"28":3,"29":3,"30":3,"37":3,"44":5,"45":4,"56":1,"57":1,"65":2,"72":2,"73":1,"74":1},"path":"/Users/ferny/Desktop/Audits/Swapz/contracts/Ownable.sol","s":{"1":3,"2":3,"3":3,"4":3,"5":5,"6":1,"7":1,"8":2,"9":2,"10":1,"11":1},"b":{"1":[4,1],"2":[1,1]},"f":{"1":3,"2":3,"3":5,"4":1,"5":2,"6":2},"fnMap":{"1":{"name":"constructor","line":27,"loc":{"start":{"line":27,"column":4},"end":{"line":31,"column":4}}},"2":{"name":"owner","line":36,"loc":{"start":{"line":36,"column":4},"end":{"line":38,"column":4}}},"3":{"name":"onlyOwner","line":43,"loc":{"start":{"line":43,"column":4},"end":{"line":46,"column":4}}},"4":{"name":"renounceOwnership","line":55,"loc":{"start":{"line":55,"column":4},"end":{"line":58,"column":4}}},"5":{"name":"transferOwnership","line":64,"loc":{"start":{"line":64,"column":4},"end":{"line":66,"column":4}}},"6":{"name":"_transferOwnership","line":71,"loc":{"start":{"line":71,"column":4},"end":{"line":75,"column":4}}}},"statementMap":{"1":{"start":{"line":28,"column":8},"end":{"line":28,"column":40}},"2":{"start":{"line":29,"column":8},"end":{"line":29,"column":25}},"3":{"start":{"line":30,"column":8},"end":{"line":30,"column":56}},"4":{"start":{"line":37,"column":8},"end":{"line":37,"column":21}},"5":{"start":{"line":44,"column":8},"end":{"line":44,"column":74}},"6":{"start":{"line":56,"column":8},"end":{"line":56,"column":53}},"7":{"start":{"line":57,"column":8},"end":{"line":57,"column":26}},"8":{"start":{"line":65,"column":8},"end":{"line":65,"column":35}},"9":{"start":{"line":72,"column":8},"end":{"line":72,"column":80}},"10":{"start":{"line":73,"column":8},"end":{"line":73,"column":51}},"11":{"start":{"line":74,"column":8},"end":{"line":74,"column":24}}},"branchMap":{"1":{"line":44,"type":"if","locations":[{"start":{"line":44,"column":8},"end":{"line":44,"column":8}},{"start":{"line":44,"column":8},"end":{"line":44,"column":8}}]},"2":{"line":72,"type":"if","locations":[{"start":{"line":72,"column":8},"end":{"line":72,"column":8}},{"start":{"line":72,"column":8},"end":{"line":72,"column":8}}]}}},
"contracts/SafeMath.sol":{"l":{"29":121,"30":121,"32":121,"46":17,"64":115,"65":106,"67":106,"84":0,"85":0,"88":0,"89":0,"91":0,"107":0,"127":0,"128":0,"131":0,"147":0,"167":0,"168":0,"172":0,"177":0,"178":0,"179":0,"180":0,"181":0,"182":0,"185":0},"path":"/Users/ferny/Desktop/Audits/Swapz/contracts/SafeMath.sol","s":{"1":121,"2":121,"3":121,"4":17,"5":115,"6":106,"7":106,"8":0,"9":0,"10":0,"11":0,"12":0,"13":0,"14":0,"15":0,"16":0,"17":0,"18":0,"19":0,"20":0,"21":0,"22":0,"23":0,"24":0,"25":0,"26":0,"27":0,"28":0},"b":{"1":[121,0],"2":[106,9],"3":[0,0],"4":[0,0],"5":[0,0],"6":[0,0],"7":[0,0],"8":[0,0]},"f":{"1":121,"2":17,"3":115,"4":0,"5":0,"6":0,"7":0,"8":0,"9":0,"10":0},"fnMap":{"1":{"name":"add","line":28,"loc":{"start":{"line":28,"column":4},"end":{"line":33,"column":4}}},"2":{"name":"sub","line":45,"loc":{"start":{"line":45,"column":4},"end":{"line":47,"column":4}}},"3":{"name":"sub","line":59,"loc":{"start":{"line":59,"column":4},"end":{"line":68,"column":4}}},"4":{"name":"mul","line":80,"loc":{"start":{"line":80,"column":4},"end":{"line":92,"column":4}}},"5":{"name":"div","line":106,"loc":{"start":{"line":106,"column":4},"end":{"line":108,"column":4}}},"6":{"name":"div","line":122,"loc":{"start":{"line":122,"column":4},"end":{"line":132,"column":4}}},"7":{"name":"mod","line":146,"loc":{"start":{"line":146,"column":4},"end":{"line":148,"column":4}}},"8":{"name":"mod","line":162,"loc":{"start":{"line":162,"column":4},"end":{"line":169,"column":4}}},"9":{"name":"min","line":171,"loc":{"start":{"line":171,"column":4},"end":{"line":173,"column":4}}},"10":{"name":"sqrt","line":176,"loc":{"start":{"line":176,"column":4},"end":{"line":187,"column":4}}}},"statementMap":{"1":{"start":{"line":29,"column":8},"end":{"line":29,"column":25}},"2":{"start":{"line":30,"column":8},"end":{"line":30,"column":53}},"3":{"start":{"line":32,"column":8},"end":{"line":32,"column":16}},"4":{"start":{"line":46,"column":8},"end":{"line":46,"column":58}},"5":{"start":{"line":64,"column":8},"end":{"line":64,"column":36}},"6":{"start":{"line":65,"column":8},"end":{"line":65,"column":25}},"7":{"start":{"line":67,"column":8},"end":{"line":67,"column":16}},"8":{"start":{"line":84,"column":8},"end":{"line":84,"column":2523}},"9":{"start":{"line":85,"column":12},"end":{"line":85,"column":20}},"10":{"start":{"line":88,"column":8},"end":{"line":88,"column":25}},"11":{"start":{"line":89,"column":8},"end":{"line":89,"column":63}},"12":{"start":{"line":91,"column":8},"end":{"line":91,"column":16}},"13":{"start":{"line":107,"column":8},"end":{"line":107,"column":54}},"14":{"start":{"line":127,"column":8},"end":{"line":127,"column":35}},"15":{"start":{"line":128,"column":8},"end":{"line":128,"column":25}},"16":{"start":{"line":131,"column":8},"end":{"line":131,"column":16}},"17":{"start":{"line":147,"column":8},"end":{"line":147,"column":52}},"18":{"start":{"line":167,"column":8},"end":{"line":167,"column":36}},"19":{"start":{"line":168,"column":8},"end":{"line":168,"column":20}},"20":{"start":{"line":172,"column":8},"end":{"line":172,"column":24}},"21":{"start":{"line":177,"column":8},"end":{"line":177,"column":5599}},"22":{"start":{"line":178,"column":12},"end":{"line":178,"column":16}},"23":{"start":{"line":179,"column":12},"end":{"line":179,"column":33}},"24":{"start":{"line":180,"column":12},"end":{"line":180,"column":5682}},"25":{"start":{"line":181,"column":16},"end":{"line":181,"column":20}},"26":{"start":{"line":182,"column":16},"end":{"line":182,"column":34}},"27":{"start":{"line":184,"column":15},"end":{"line":184,"column":5783}},"28":{"start":{"line":185,"column":12},"end":{"line":185,"column":16}}},"branchMap":{"1":{"line":30,"type":"if","locations":[{"start":{"line":30,"column":8},"end":{"line":30,"column":8}},{"start":{"line":30,"column":8},"end":{"line":30,"column":8}}]},"2":{"line":64,"type":"if","locations":[{"start":{"line":64,"column":8},"end":{"line":64,"column":8}},{"start":{"line":64,"column":8},"end":{"line":64,"column":8}}]},"3":{"line":84,"type":"if","locations":[{"start":{"line":84,"column":8},"end":{"line":84,"column":8}},{"start":{"line":84,"column":8},"end":{"line":84,"column":8}}]},"4":{"line":89,"type":"if","locations":[{"start":{"line":89,"column":8},"end":{"line":89,"column":8}},{"start":{"line":89,"column":8},"end":{"line":89,"column":8}}]},"5":{"line":127,"type":"if","locations":[{"start":{"line":127,"column":8},"end":{"line":127,"column":8}},{"start":{"line":127,"column":8},"end":{"line":127,"column":8}}]},"6":{"line":167,"type":"if","locations":[{"start":{"line":167,"column":8},"end":{"line":167,"column":8}},{"start":{"line":167,"column":8},"end":{"line":167,"column":8}}]},"7":{"line":177,"type":"if","locations":[{"start":{"line":177,"column":8},"end":{"line":177,"column":8}},{"start":{"line":177,"column":8},"end":{"line":177,"column":8}}]},"8":{"line":184,"type":"if","locations":[{"start":{"line":184,"column":15},"end":{"line":184,"column":15}},{"start":{"line":184,"column":15},"end":{"line":184,"column":15}}]}}},
"contracts/SWAPZ.sol":{"l":{"14":1,"18":0,"30":90,"31":88,"33":88,"34":1},"path":"/Users/ferny/Desktop/Audits/Swapz/contracts/SWAPZ.sol","s":{"1":1,"2":0,"3":90,"4":88,"5":88,"6":1},"b":{"1":[1,87],"2":[1,0]},"f":{"1":1,"2":0,"3":90},"fnMap":{"1":{"name":"cap","line":13,"loc":{"start":{"line":13,"column":4},"end":{"line":15,"column":4}}},"2":{"name":"mint","line":17,"loc":{"start":{"line":17,"column":4},"end":{"line":19,"column":4}}},"3":{"name":"_beforeTokenTransfer","line":28,"loc":{"start":{"line":28,"column":4},"end":{"line":36,"column":4}}}},"statementMap":{"1":{"start":{"line":14,"column":8},"end":{"line":14,"column":19}},"2":{"start":{"line":18,"column":8},"end":{"line":18,"column":26}},"3":{"start":{"line":30,"column":8},"end":{"line":30,"column":58}},"4":{"start":{"line":31,"column":8},"end":{"line":31,"column":51}},"5":{"start":{"line":33,"column":8},"end":{"line":33,"column":856}},"6":{"start":{"line":34,"column":12},"end":{"line":34,"column":79}}},"branchMap":{"1":{"line":33,"type":"if","locations":[{"start":{"line":33,"column":8},"end":{"line":33,"column":8}},{"start":{"line":33,"column":8},"end":{"line":33,"column":8}}]},"2":{"line":34,"type":"if","locations":[{"start":{"line":34,"column":12},"end":{"line":34,"column":12}},{"start":{"line":34,"column":12},"end":{"line":34,"column":12}}]}}},
"contracts/WETH9.sol":{"l":{"18":0,"21":0,"22":0,"25":0,"26":0,"27":0,"28":0,"32":0,"36":0,"37":0,"38":0,"42":0,"49":0,"51":0,"52":0,"53":0,"56":0,"57":0,"59":0,"61":0},"path":"/Users/ferny/Desktop/Audits/Swapz/contracts/WETH9.sol","s":{"1":0,"2":0,"3":0,"4":0,"5":0,"6":0,"7":0,"8":0,"9":0,"10":0,"11":0,"12":0,"13":0,"14":0,"15":0,"16":0,"17":0,"18":0,"19":0,"20":0},"b":{"1":[0,0],"2":[0,0],"3":[0,0],"4":[0,0]},"f":{"1":0,"2":0,"3":0,"4":0,"5":0,"6":0,"7":0},"fnMap":{"1":{"name":"","line":17,"loc":{"start":{"line":17,"column":4},"end":{"line":19,"column":4}}},"2":{"name":"deposit","line":20,"loc":{"start":{"line":20,"column":4},"end":{"line":23,"column":4}}},"3":{"name":"withdraw","line":24,"loc":{"start":{"line":24,"column":4},"end":{"line":29,"column":4}}},"4":{"name":"totalSupply","line":31,"loc":{"start":{"line":31,"column":4},"end":{"line":33,"column":4}}},"5":{"name":"approve","line":35,"loc":{"start":{"line":35,"column":4},"end":{"line":39,"column":4}}},"6":{"name":"transfer","line":41,"loc":{"start":{"line":41,"column":4},"end":{"line":43,"column":4}}},"7":{"name":"transferFrom","line":45,"loc":{"start":{"line":45,"column":4},"end":{"line":62,"column":4}}}},"statementMap":{"1":{"start":{"line":18,"column":8},"end":{"line":18,"column":16}},"2":{"start":{"line":21,"column":8},"end":{"line":21,"column":41}},"3":{"start":{"line":22,"column":8},"end":{"line":22,"column":37}},"4":{"start":{"line":25,"column":8},"end":{"line":25,"column":44}},"5":{"start":{"line":26,"column":8},"end":{"line":26,"column":35}},"6":{"start":{"line":27,"column":8},"end":{"line":27,"column":31}},"7":{"start":{"line":28,"column":8},"end":{"line":28,"column":34}},"8":{"start":{"line":32,"column":8},"end":{"line":32,"column":27}},"9":{"start":{"line":36,"column":8},"end":{"line":36,"column":39}},"10":{"start":{"line":37,"column":8},"end":{"line":37,"column":37}},"11":{"start":{"line":38,"column":8},"end":{"line":38,"column":19}},"12":{"start":{"line":42,"column":8},"end":{"line":42,"column":49}},"13":{"start":{"line":49,"column":8},"end":{"line":49,"column":37}},"14":{"start":{"line":51,"column":8},"end":{"line":51,"column":1508}},"15":{"start":{"line":52,"column":12},"end":{"line":52,"column":53}},"16":{"start":{"line":53,"column":12},"end":{"line":53,"column":44}},"17":{"start":{"line":56,"column":8},"end":{"line":56,"column":28}},"18":{"start":{"line":57,"column":8},"end":{"line":57,"column":28}},"19":{"start":{"line":59,"column":8},"end":{"line":59,"column":30}},"20":{"start":{"line":61,"column":8},"end":{"line":61,"column":19}}},"branchMap":{"1":{"line":25,"type":"if","locations":[{"start":{"line":25,"column":8},"end":{"line":25,"column":8}},{"start":{"line":25,"column":8},"end":{"line":25,"column":8}}]},"2":{"line":49,"type":"if","locations":[{"start":{"line":49,"column":8},"end":{"line":49,"column":8}},{"start":{"line":49,"column":8},"end":{"line":49,"column":8}}]},"3":{"line":51,"type":"if","locations":[{"start":{"line":51,"column":8},"end":{"line":51,"column":8}},{"start":{"line":51,"column":8},"end":{"line":51,"column":8}}]},"4":{"line":52,"type":"if","locations":[{"start":{"line":52,"column":12},"end":{"line":52,"column":12}},{"start":{"line":52,"column":12},"end":{"line":52,"column":12}}]}}}}
