TN:
SF:/Users/ferny/Desktop/Audits/Swapz/contracts/Address.sol
FN:26,isContract
FN:55,sendValue
FN:81,functionCall
FN:91,functionCall
FN:110,functionCallWithValue
FN:124,functionCallWithValue
FN:134,_functionCallWithValue
FNF:7
FNH:0
FNDA:0,isContract
FNDA:0,sendValue
FNDA:0,functionCall
FNDA:0,functionCall
FNDA:0,functionCallWithValue
FNDA:0,functionCallWithValue
FNDA:0,_functionCallWithValue
DA:30,0
DA:31,0
DA:33,0
DA:36,0
DA:56,0
DA:59,0
DA:60,0
DA:82,0
DA:96,0
DA:115,0
DA:130,0
DA:131,0
DA:140,0
DA:143,0
DA:144,0
DA:145,0
DA:148,0
DA:152,0
DA:157,0
LF:19
LH:0
BRDA:56,1,0,0
BRDA:56,1,1,0
BRDA:60,2,0,0
BRDA:60,2,1,0
BRDA:130,3,0,0
BRDA:130,3,1,0
BRDA:140,4,0,0
BRDA:140,4,1,0
BRDA:144,5,0,0
BRDA:144,5,1,0
BRDA:148,6,0,0
BRDA:148,6,1,0
BRF:12
BRH:0
end_of_record
TN:
SF:/Users/ferny/Desktop/Audits/Swapz/contracts/BEP20.sol
FN:58,constructor
FN:67,getOwner
FN:74,name
FN:81,decimals
FN:88,symbol
FN:95,totalSupply
FN:102,balanceOf
FN:114,transfer
FN:122,allowance
FN:133,approve
FN:150,transferFrom
FN:176,increaseAllowance
FN:195,decreaseAllowance
FN:212,mint
FN:231,_transfer
FN:255,_mint
FN:276,_burn
FN:299,_approve
FN:317,_burnFrom
FN:325,_beforeTokenTransfer
FNF:20
FNH:18
FNDA:3,constructor
FNDA:3,getOwner
FNDA:1,name
FNDA:1,decimals
FNDA:1,symbol
FNDA:2,totalSupply
FNDA:5,balanceOf
FNDA:78,transfer
FNDA:5,allowance
FNDA:2,approve
FNDA:11,transferFrom
FNDA:1,increaseAllowance
FNDA:2,decreaseAllowance
FNDA:1,mint
FNDA:89,_transfer
FNDA:1,_mint
FNDA:0,_burn
FNDA:5,_approve
FNDA:0,_burnFrom
FNDA:88,_beforeTokenTransfer
DA:59,3
DA:60,3
DA:61,3
DA:68,3
DA:75,1
DA:82,1
DA:89,1
DA:96,2
DA:103,5
DA:115,78
DA:116,78
DA:123,5
DA:134,2
DA:135,2
DA:155,11
DA:156,9
DA:161,1
DA:177,1
DA:178,1
DA:196,2
DA:201,1
DA:213,1
DA:214,1
DA:236,89
DA:237,89
DA:239,89
DA:241,87
DA:242,87
DA:243,87
DA:256,1
DA:258,1
DA:260,1
DA:261,1
DA:262,1
DA:277,0
DA:279,0
DA:281,0
DA:282,0
DA:283,0
DA:304,5
DA:305,5
DA:307,5
DA:308,5
DA:318,0
DA:319,0
LF:45
LH:38
BRDA:236,1,0,89
BRDA:236,1,1,0
BRDA:237,2,0,89
BRDA:237,2,1,0
BRDA:256,3,0,1
BRDA:256,3,1,0
BRDA:277,4,0,0
BRDA:277,4,1,0
BRDA:304,5,0,5
BRDA:304,5,1,0
BRDA:305,6,0,5
BRDA:305,6,1,0
BRF:12
BRH:5
end_of_record
TN:
SF:/Users/ferny/Desktop/Audits/Swapz/contracts/Context.sol
FN:18,constructor
FN:20,_msgSender
FN:24,_msgData
FNF:3
FNH:2
FNDA:3,constructor
FNDA:170,_msgSender
FNDA:0,_msgData
DA:21,170
DA:25,0
DA:26,0
LF:3
LH:1
BRF:0
BRH:0
end_of_record
TN:
SF:/Users/ferny/Desktop/Audits/Swapz/contracts/IBEP20.sol
FNF:0
FNH:0
LF:0
LH:0
BRF:0
BRH:0
end_of_record
TN:
SF:/Users/ferny/Desktop/Audits/Swapz/contracts/LGEWhitelisted.sol
FN:29,constructor
FN:33,onlyWhitelister
FN:38,renounceWhitelister
FN:43,transferWhitelister
FN:47,_transferWhitelister
FN:62,createLGEWhitelist
FN:87,modifyLGEWhitelist
FN:116,getLGEWhitelistRound
FN:141,_applyLGEWhitelist
FNF:9
FNH:9
FNDA:3,constructor
FNDA:30,onlyWhitelister
FNDA:1,renounceWhitelister
FNDA:2,transferWhitelister
FNDA:2,_transferWhitelister
FNDA:11,createLGEWhitelist
FNDA:14,modifyLGEWhitelist
FNDA:13,getLGEWhitelistRound
FNDA:90,_applyLGEWhitelist
DA:30,3
DA:34,30
DA:35,28
DA:39,1
DA:40,1
DA:44,2
DA:48,2
DA:49,1
DA:50,1
DA:63,11
DA:65,10
DA:67,10
DA:69,10
DA:71,10
DA:72,20
DA:88,14
DA:89,13
DA:91,13
DA:92,2
DA:94,13
DA:95,12
DA:97,13
DA:98,64
DA:118,13
DA:120,12
DA:122,12
DA:124,12
DA:126,12
DA:127,12
DA:128,12
DA:133,1
DA:143,90
DA:144,72
DA:146,18
DA:147,8
DA:150,18
DA:154,10
DA:156,10
DA:158,9
DA:160,9
DA:162,8
DA:164,8
DA:165,8
DA:167,8
DA:168,7
LF:45
LH:45
BRDA:34,1,0,28
BRDA:34,1,1,2
BRDA:48,2,0,1
BRDA:48,2,1,1
BRDA:63,3,0,10
BRDA:63,3,1,1
BRDA:67,4,0,10
BRDA:67,4,1,0
BRDA:88,5,0,13
BRDA:88,5,1,1
BRDA:89,6,0,13
BRDA:89,6,1,0
BRDA:91,7,0,2
BRDA:91,7,1,11
BRDA:94,8,0,12
BRDA:94,8,1,1
BRDA:118,9,0,12
BRDA:118,9,1,1
BRDA:127,10,0,12
BRDA:127,10,1,0
BRDA:143,11,0,72
BRDA:143,11,1,18
BRDA:146,12,0,8
BRDA:146,12,1,10
BRDA:150,13,0,10
BRDA:150,13,1,8
BRDA:156,14,0,9
BRDA:156,14,1,1
BRDA:160,15,0,8
BRDA:160,15,1,1
BRDA:164,16,0,8
BRDA:164,16,1,0
BRDA:167,17,0,7
BRDA:167,17,1,1
BRF:34
BRH:30
end_of_record
TN:
SF:/Users/ferny/Desktop/Audits/Swapz/contracts/Ownable.sol
FN:27,constructor
FN:36,owner
FN:43,onlyOwner
FN:55,renounceOwnership
FN:64,transferOwnership
FN:71,_transferOwnership
FNF:6
FNH:6
FNDA:3,constructor
FNDA:3,owner
FNDA:5,onlyOwner
FNDA:1,renounceOwnership
FNDA:2,transferOwnership
FNDA:2,_transferOwnership
DA:28,3
DA:29,3
DA:30,3
DA:37,3
DA:44,5
DA:45,4
DA:56,1
DA:57,1
DA:65,2
DA:72,2
DA:73,1
DA:74,1
LF:12
LH:12
BRDA:44,1,0,4
BRDA:44,1,1,1
BRDA:72,2,0,1
BRDA:72,2,1,1
BRF:4
BRH:4
end_of_record
TN:
SF:/Users/ferny/Desktop/Audits/Swapz/contracts/SafeMath.sol
FN:28,add
FN:45,sub
FN:59,sub
FN:80,mul
FN:106,div
FN:122,div
FN:146,mod
FN:162,mod
FN:171,min
FN:176,sqrt
FNF:10
FNH:3
FNDA:121,add
FNDA:17,sub
FNDA:115,sub
FNDA:0,mul
FNDA:0,div
FNDA:0,div
FNDA:0,mod
FNDA:0,mod
FNDA:0,min
FNDA:0,sqrt
DA:29,121
DA:30,121
DA:32,121
DA:46,17
DA:64,115
DA:65,106
DA:67,106
DA:84,0
DA:85,0
DA:88,0
DA:89,0
DA:91,0
DA:107,0
DA:127,0
DA:128,0
DA:131,0
DA:147,0
DA:167,0
DA:168,0
DA:172,0
DA:177,0
DA:178,0
DA:179,0
DA:180,0
DA:181,0
DA:182,0
DA:185,0
LF:27
LH:7
BRDA:30,1,0,121
BRDA:30,1,1,0
BRDA:64,2,0,106
BRDA:64,2,1,9
BRDA:84,3,0,0
BRDA:84,3,1,0
BRDA:89,4,0,0
BRDA:89,4,1,0
BRDA:127,5,0,0
BRDA:127,5,1,0
BRDA:167,6,0,0
BRDA:167,6,1,0
BRDA:177,7,0,0
BRDA:177,7,1,0
BRDA:184,8,0,0
BRDA:184,8,1,0
BRF:16
BRH:3
end_of_record
TN:
SF:/Users/ferny/Desktop/Audits/Swapz/contracts/SWAPZ.sol
FN:13,cap
FN:17,mint
FN:28,_beforeTokenTransfer
FNF:3
FNH:2
FNDA:1,cap
FNDA:0,mint
FNDA:90,_beforeTokenTransfer
DA:14,1
DA:18,0
DA:30,90
DA:31,88
DA:33,88
DA:34,1
LF:6
LH:5
BRDA:33,1,0,1
BRDA:33,1,1,87
BRDA:34,2,0,1
BRDA:34,2,1,0
BRF:4
BRH:3
end_of_record
TN:
SF:/Users/ferny/Desktop/Audits/Swapz/contracts/WETH9.sol
FN:17,
FN:20,deposit
FN:24,withdraw
FN:31,totalSupply
FN:35,approve
FN:41,transfer
FN:45,transferFrom
FNF:7
FNH:0
FNDA:0,
FNDA:0,deposit
FNDA:0,withdraw
FNDA:0,totalSupply
FNDA:0,approve
FNDA:0,transfer
FNDA:0,transferFrom
DA:18,0
DA:21,0
DA:22,0
DA:25,0
DA:26,0
DA:27,0
DA:28,0
DA:32,0
DA:36,0
DA:37,0
DA:38,0
DA:42,0
DA:49,0
DA:51,0
DA:52,0
DA:53,0
DA:56,0
DA:57,0
DA:59,0
DA:61,0
LF:20
LH:0
BRDA:25,1,0,0
BRDA:25,1,1,0
BRDA:49,2,0,0
BRDA:49,2,1,0
BRDA:51,3,0,0
BRDA:51,3,1,0
BRDA:52,4,0,0
BRDA:52,4,1,0
BRF:8
BRH:0
end_of_record
